<?xml version="1.0" encoding="UTF-8"?>
<!-- Generated by org.testng.reporters.JUnitXMLReporter -->
<testsuite hostname="RSULL-3788L-BRM" name="RedRobin.Com" tests="10" failures="1" timestamp="5 Jan 2017 16:24:49 GMT" time="34.369" errors="0">
  <testcase name="testDriver" time="27.23" classname="raysullivan.driver.RedRobinComDriver">
    <failure type="java.lang.AssertionError" message="Error in operation RedRobinComTestCases\LandingPage\Validate Location Box Row 17 ASSERTTEXT myRedRobin My Red Robin Expecting: &amp;quot;Success&amp;quot; Actual: &amp;quot;Object myRedRobin could not be found due to NoSuchElementException&amp;quot;">
      <![CDATA[java.lang.AssertionError: Error in operation RedRobinComTestCases\LandingPage\Validate Location Box Row 17 ASSERTTEXT myRedRobin My Red Robin Expecting: "Success" Actual: "Object myRedRobin could not be found due to NoSuchElementException"
	at org.junit.Assert.fail(Assert.java:88)
	at org.junit.Assert.assertTrue(Assert.java:41)
	at raysullivan.operation.AutomationDriver.testDriver(AutomationDriver.java:318)
	at sun.reflect.NativeMethodAccessorImpl.invoke0(Native Method)
	at sun.reflect.NativeMethodAccessorImpl.invoke(Unknown Source)
	at sun.reflect.DelegatingMethodAccessorImpl.invoke(Unknown Source)
	at java.lang.reflect.Method.invoke(Unknown Source)
	at org.testng.internal.MethodInvocationHelper.invokeMethod(MethodInvocationHelper.java:100)
	at org.testng.internal.Invoker.invokeMethod(Invoker.java:646)
	at org.testng.internal.Invoker.invokeTestMethod(Invoker.java:811)
	at org.testng.internal.Invoker.invokeTestMethods(Invoker.java:1137)
	at org.testng.internal.TestMethodWorker.invokeTestMethods(TestMethodWorker.java:129)
	at org.testng.internal.TestMethodWorker.run(TestMethodWorker.java:112)
	at org.testng.TestRunner.privateRun(TestRunner.java:753)
	at org.testng.TestRunner.run(TestRunner.java:607)
	at org.testng.SuiteRunner.runTest(SuiteRunner.java:368)
	at org.testng.SuiteRunner.runSequentially(SuiteRunner.java:363)
	at org.testng.SuiteRunner.privateRun(SuiteRunner.java:321)
	at org.testng.SuiteRunner.run(SuiteRunner.java:270)
	at org.testng.SuiteRunnerWorker.runSuite(SuiteRunnerWorker.java:52)
	at org.testng.SuiteRunnerWorker.run(SuiteRunnerWorker.java:86)
	at org.testng.TestNG.runSuitesSequentially(TestNG.java:1284)
	at org.testng.TestNG.runSuitesLocally(TestNG.java:1209)
	at org.testng.TestNG.runSuites(TestNG.java:1124)
	at org.testng.TestNG.run(TestNG.java:1096)
	at org.testng.remote.AbstractRemoteTestNG.run(AbstractRemoteTestNG.java:132)
	at org.testng.remote.RemoteTestNG.initAndRun(RemoteTestNG.java:236)
	at org.testng.remote.RemoteTestNG.main(RemoteTestNG.java:81)
]]>
    </failure>
  </testcase> <!-- testDriver -->
  <testcase name="testDriver" time="0.675" classname="raysullivan.driver.RedRobinComDriver"/>
  <testcase name="testDriver" time="0.803" classname="raysullivan.driver.RedRobinComDriver"/>
  <testcase name="testDriver" time="0.503" classname="raysullivan.driver.RedRobinComDriver"/>
  <testcase name="testDriver" time="0.523" classname="raysullivan.driver.RedRobinComDriver"/>
  <testcase name="testDriver" time="0.476" classname="raysullivan.driver.RedRobinComDriver"/>
  <testcase name="testDriver" time="0.438" classname="raysullivan.driver.RedRobinComDriver"/>
  <testcase name="testDriver" time="0.473" classname="raysullivan.driver.RedRobinComDriver"/>
  <testcase name="testDriver" time="0.514" classname="raysullivan.driver.RedRobinComDriver"/>
  <testcase name="testDriver" time="0.731" classname="raysullivan.driver.RedRobinComDriver"/>
</testsuite> <!-- RedRobin.Com -->
