<html>
<head>
<title>TestNG:  Red Robin Royalty Test</title>
<link href="../testng.css" rel="stylesheet" type="text/css" />
<link href="../my-testng.css" rel="stylesheet" type="text/css" />

<style type="text/css">
.log { display: none;} 
.stack-trace { display: none;} 
</style>
<script type="text/javascript">
<!--
function flip(e) {
  current = e.style.display;
  if (current == 'block') {
    e.style.display = 'none';
    return 0;
  }
  else {
    e.style.display = 'block';
    return 1;
  }
}

function toggleBox(szDivId, elem, msg1, msg2)
{
  var res = -1;  if (document.getElementById) {
    res = flip(document.getElementById(szDivId));
  }
  else if (document.all) {
    // this is the way old msie versions work
    res = flip(document.all[szDivId]);
  }
  if(elem) {
    if(res == 0) elem.innerHTML = msg1; else elem.innerHTML = msg2;
  }

}

function toggleAllBoxes() {
  if (document.getElementsByTagName) {
    d = document.getElementsByTagName('div');
    for (i = 0; i < d.length; i++) {
      if (d[i].className == 'log') {
        flip(d[i]);
      }
    }
  }
}

// -->
</script>

</head>
<body>
<h2 align='center'>Red Robin Royalty Test</h2><table border='1' align="center">
<tr>
<td>Tests passed/Failed/Skipped:</td><td>9/2/0</td>
</tr><tr>
<td>Started on:</td><td>Thu Feb 02 16:13:10 MST 2017</td>
</tr>
<tr><td>Total time:</td><td>71 seconds (71604 ms)</td>
</tr><tr>
<td>Included groups:</td><td></td>
</tr><tr>
<td>Excluded groups:</td><td></td>
</tr>
</table><p/>
<small><i>(Hover the method name to see the test class name)</i></small><p/>
<table width='100%' border='1' class='invocation-failed'>
<tr><td colspan='4' align='center'><b>FAILED TESTS</b></td></tr>
<tr><td><b>Test method</b></td>
<td width="30%"><b>Exception</b></td>
<td width="10%"><b>Time (seconds)</b></td>
<td><b>Instance</b></td>
</tr>
<tr>
<td title='raysullivan.driver.RedRobinRoyaltyDriver.testDriver()'><b>testDriver</b><br>Test class: raysullivan.driver.RedRobinRoyaltyDriver<br>Parameters: RedRobinRoyaltyTestCases, LandingPageWidgets, RedRobinRoyaltyResults, Firefox, TestProfile, 20, RedRobinRoyalty.properties, 1, false, false</td>
<td><div><pre>java.lang.AssertionError: Error in operation RedRobinRoyaltyTestCases\LandingPageWidgets\Validate Widgets Row 8 HOVER wid1  Expecting: &quot;Success&quot; Actual: &quot;HOVER action on object wid1 not supported on this version of Selenium WebDriver&quot;
	at org.junit.Assert.fail(Assert.java:88)
	at org.junit.Assert.assertTrue(Assert.java:41)
	at raysullivan.operation.AutomationDriver.testDriver(AutomationDriver.java:318)
	at sun.reflect.NativeMethodAccessorImpl.invoke0(Native Method)
	at sun.reflect.NativeMethodAccessorImpl.invoke(Unknown Source)
	at sun.reflect.DelegatingMethodAccessorImpl.invoke(Unknown Source)
	at java.lang.reflect.Method.invoke(Unknown Source)
	at org.testng.internal.MethodInvocationHelper.invokeMethod(MethodInvocationHelper.java:100)
	at org.testng.internal.Invoker.invokeMethod(Invoker.java:646)
	at org.testng.internal.Invoker.invokeTestMethod(Invoker.java:811)
	at org.testng.internal.Invoker.invokeTestMethods(Invoker.java:1137)
	at org.testng.internal.TestMethodWorker.invokeTestMethods(TestMethodWorker.java:129)
	at org.testng.internal.TestMethodWorker.run(TestMethodWorker.java:112)
	at org.testng.TestRunner.privateRun(TestRunner.java:753)
	at org.testng.TestRunner.run(TestRunner.java:607)
	at org.testng.SuiteRunner.runTest(SuiteRunner.java:368)
	at org.testng.SuiteRunner.runSequentially(SuiteRunner.java:363)
	at org.testng.SuiteRunner.privateRun(SuiteRunner.java:321)
	at org.testng.SuiteRunner.run(SuiteRunner.java:270)
	at org.testng.SuiteRunnerWorker.runSuite(SuiteRunnerWorker.java:52)
	at org.testng.SuiteRunnerWorker.run(SuiteRunnerWorker.java:86)
	at org.testng.TestNG.runSuitesSequentially(TestNG.java:1284)
	at org.testng.TestNG.runSuitesLocally(TestNG.java:1209)
	at org.testng.TestNG.runSuites(TestNG.java:1124)
	at org.testng.TestNG.run(TestNG.java:1096)
	at org.testng.remote.AbstractRemoteTestNG.run(AbstractRemoteTestNG.java:132)
	at org.testng.remote.RemoteTestNG.initAndRun(RemoteTestNG.java:236)
	at org.testng.remote.RemoteTestNG.main(RemoteTestNG.java:81)
</pre></div><a href='#' onClick='toggleBox("stack-trace521466380", this, "Click to show all stack frames", "Click to hide stack frames")'>Click to show all stack frames</a>
<div class='stack-trace' id='stack-trace521466380'><pre>java.lang.AssertionError: Error in operation RedRobinRoyaltyTestCases\LandingPageWidgets\Validate Widgets Row 8 HOVER wid1  Expecting: &quot;Success&quot; Actual: &quot;HOVER action on object wid1 not supported on this version of Selenium WebDriver&quot;
	at org.junit.Assert.fail(Assert.java:88)
	at org.junit.Assert.assertTrue(Assert.java:41)
	at raysullivan.operation.AutomationDriver.testDriver(AutomationDriver.java:318)
	at sun.reflect.NativeMethodAccessorImpl.invoke0(Native Method)
	at sun.reflect.NativeMethodAccessorImpl.invoke(Unknown Source)
	at sun.reflect.DelegatingMethodAccessorImpl.invoke(Unknown Source)
	at java.lang.reflect.Method.invoke(Unknown Source)
	at org.testng.internal.MethodInvocationHelper.invokeMethod(MethodInvocationHelper.java:100)
	at org.testng.internal.Invoker.invokeMethod(Invoker.java:646)
	at org.testng.internal.Invoker.invokeTestMethod(Invoker.java:811)
	at org.testng.internal.Invoker.invokeTestMethods(Invoker.java:1137)
	at org.testng.internal.TestMethodWorker.invokeTestMethods(TestMethodWorker.java:129)
	at org.testng.internal.TestMethodWorker.run(TestMethodWorker.java:112)
	at org.testng.TestRunner.privateRun(TestRunner.java:753)
	at org.testng.TestRunner.run(TestRunner.java:607)
	at org.testng.SuiteRunner.runTest(SuiteRunner.java:368)
	at org.testng.SuiteRunner.runSequentially(SuiteRunner.java:363)
	at org.testng.SuiteRunner.privateRun(SuiteRunner.java:321)
	at org.testng.SuiteRunner.run(SuiteRunner.java:270)
	at org.testng.SuiteRunnerWorker.runSuite(SuiteRunnerWorker.java:52)
	at org.testng.SuiteRunnerWorker.run(SuiteRunnerWorker.java:86)
	at org.testng.TestNG.runSuitesSequentially(TestNG.java:1284)
	at org.testng.TestNG.runSuitesLocally(TestNG.java:1209)
	at org.testng.TestNG.runSuites(TestNG.java:1124)
	at org.testng.TestNG.run(TestNG.java:1096)
	at org.testng.remote.AbstractRemoteTestNG.run(AbstractRemoteTestNG.java:132)
	at org.testng.remote.RemoteTestNG.initAndRun(RemoteTestNG.java:236)
	at org.testng.remote.RemoteTestNG.main(RemoteTestNG.java:81)
</pre></div></td>
<td>6</td>
<td>raysullivan.driver.RedRobinRoyaltyDriver@6e0e048a</td></tr>
<tr>
<td title='raysullivan.driver.RedRobinRoyaltyDriver.testDriver()'><b>testDriver</b><br>Test class: raysullivan.driver.RedRobinRoyaltyDriver<br>Parameters: RedRobinRoyaltyTestCases, Locations, RedRobinRoyaltyResults, Firefox, TestProfile, 20, RedRobinRoyalty.properties, 1, false, false</td>
<td><div><pre>java.lang.AssertionError: Error in operation RedRobinRoyaltyTestCases\Locations\Locations Row 15 ASSERTTEXT locLocation1Address 2706 W. Nob Hill Road, Yakima, WA 98902 Expecting: &quot;2706 W. Nob Hill Road, Yakima, WA 98902&quot; Actual: &quot;2706 W. Nob Hill Blvd, Yakima, WA 98902&quot;
	at org.junit.Assert.fail(Assert.java:88)
	at org.junit.Assert.assertTrue(Assert.java:41)
	at raysullivan.operation.AutomationDriver.testDriver(AutomationDriver.java:318)
	at sun.reflect.NativeMethodAccessorImpl.invoke0(Native Method)
	at sun.reflect.NativeMethodAccessorImpl.invoke(Unknown Source)
	at sun.reflect.DelegatingMethodAccessorImpl.invoke(Unknown Source)
	at java.lang.reflect.Method.invoke(Unknown Source)
	at org.testng.internal.MethodInvocationHelper.invokeMethod(MethodInvocationHelper.java:100)
	at org.testng.internal.Invoker.invokeMethod(Invoker.java:646)
	at org.testng.internal.Invoker.invokeTestMethod(Invoker.java:811)
	at org.testng.internal.Invoker.invokeTestMethods(Invoker.java:1137)
	at org.testng.internal.TestMethodWorker.invokeTestMethods(TestMethodWorker.java:129)
	at org.testng.internal.TestMethodWorker.run(TestMethodWorker.java:112)
	at org.testng.TestRunner.privateRun(TestRunner.java:753)
	at org.testng.TestRunner.run(TestRunner.java:607)
	at org.testng.SuiteRunner.runTest(SuiteRunner.java:368)
	at org.testng.SuiteRunner.runSequentially(SuiteRunner.java:363)
	at org.testng.SuiteRunner.privateRun(SuiteRunner.java:321)
	at org.testng.SuiteRunner.run(SuiteRunner.java:270)
	at org.testng.SuiteRunnerWorker.runSuite(SuiteRunnerWorker.java:52)
	at org.testng.SuiteRunnerWorker.run(SuiteRunnerWorker.java:86)
	at org.testng.TestNG.runSuitesSequentially(TestNG.java:1284)
	at org.testng.TestNG.runSuitesLocally(TestNG.java:1209)
	at org.testng.TestNG.runSuites(TestNG.java:1124)
	at org.testng.TestNG.run(TestNG.java:1096)
	at org.testng.remote.AbstractRemoteTestNG.run(AbstractRemoteTestNG.java:132)
	at org.testng.remote.RemoteTestNG.initAndRun(RemoteTestNG.java:236)
	at org.testng.remote.RemoteTestNG.main(RemoteTestNG.java:81)
</pre></div><a href='#' onClick='toggleBox("stack-trace1729734072", this, "Click to show all stack frames", "Click to hide stack frames")'>Click to show all stack frames</a>
<div class='stack-trace' id='stack-trace1729734072'><pre>java.lang.AssertionError: Error in operation RedRobinRoyaltyTestCases\Locations\Locations Row 15 ASSERTTEXT locLocation1Address 2706 W. Nob Hill Road, Yakima, WA 98902 Expecting: &quot;2706 W. Nob Hill Road, Yakima, WA 98902&quot; Actual: &quot;2706 W. Nob Hill Blvd, Yakima, WA 98902&quot;
	at org.junit.Assert.fail(Assert.java:88)
	at org.junit.Assert.assertTrue(Assert.java:41)
	at raysullivan.operation.AutomationDriver.testDriver(AutomationDriver.java:318)
	at sun.reflect.NativeMethodAccessorImpl.invoke0(Native Method)
	at sun.reflect.NativeMethodAccessorImpl.invoke(Unknown Source)
	at sun.reflect.DelegatingMethodAccessorImpl.invoke(Unknown Source)
	at java.lang.reflect.Method.invoke(Unknown Source)
	at org.testng.internal.MethodInvocationHelper.invokeMethod(MethodInvocationHelper.java:100)
	at org.testng.internal.Invoker.invokeMethod(Invoker.java:646)
	at org.testng.internal.Invoker.invokeTestMethod(Invoker.java:811)
	at org.testng.internal.Invoker.invokeTestMethods(Invoker.java:1137)
	at org.testng.internal.TestMethodWorker.invokeTestMethods(TestMethodWorker.java:129)
	at org.testng.internal.TestMethodWorker.run(TestMethodWorker.java:112)
	at org.testng.TestRunner.privateRun(TestRunner.java:753)
	at org.testng.TestRunner.run(TestRunner.java:607)
	at org.testng.SuiteRunner.runTest(SuiteRunner.java:368)
	at org.testng.SuiteRunner.runSequentially(SuiteRunner.java:363)
	at org.testng.SuiteRunner.privateRun(SuiteRunner.java:321)
	at org.testng.SuiteRunner.run(SuiteRunner.java:270)
	at org.testng.SuiteRunnerWorker.runSuite(SuiteRunnerWorker.java:52)
	at org.testng.SuiteRunnerWorker.run(SuiteRunnerWorker.java:86)
	at org.testng.TestNG.runSuitesSequentially(TestNG.java:1284)
	at org.testng.TestNG.runSuitesLocally(TestNG.java:1209)
	at org.testng.TestNG.runSuites(TestNG.java:1124)
	at org.testng.TestNG.run(TestNG.java:1096)
	at org.testng.remote.AbstractRemoteTestNG.run(AbstractRemoteTestNG.java:132)
	at org.testng.remote.RemoteTestNG.initAndRun(RemoteTestNG.java:236)
	at org.testng.remote.RemoteTestNG.main(RemoteTestNG.java:81)
</pre></div></td>
<td>3</td>
<td>raysullivan.driver.RedRobinRoyaltyDriver@6e0e048a</td></tr>
</table><p>
<table width='100%' border='1' class='invocation-passed'>
<tr><td colspan='4' align='center'><b>PASSED TESTS</b></td></tr>
<tr><td><b>Test method</b></td>
<td width="30%"><b>Exception</b></td>
<td width="10%"><b>Time (seconds)</b></td>
<td><b>Instance</b></td>
</tr>
<tr>
<td title='raysullivan.driver.RedRobinRoyaltyDriver.testDriver()'><b>testDriver</b><br>Test class: raysullivan.driver.RedRobinRoyaltyDriver<br>Parameters: RedRobinRoyaltyTestCases, LandingPageUpper, RedRobinRoyaltyResults, Firefox, TestProfile, 20, RedRobinRoyalty.properties, 1, false, false</td>
<td></td>
<td>11</td>
<td>raysullivan.driver.RedRobinRoyaltyDriver@6e0e048a</td></tr>
<tr>
<td title='raysullivan.driver.RedRobinRoyaltyDriver.testDriver()'><b>testDriver</b><br>Test class: raysullivan.driver.RedRobinRoyaltyDriver<br>Parameters: RedRobinRoyaltyTestCases, LandingPageSocial, RedRobinRoyaltyResults, Firefox, TestProfile, 20, RedRobinRoyalty.properties, 1, false, false</td>
<td></td>
<td>1</td>
<td>raysullivan.driver.RedRobinRoyaltyDriver@6e0e048a</td></tr>
<tr>
<td title='raysullivan.driver.RedRobinRoyaltyDriver.testDriver()'><b>testDriver</b><br>Test class: raysullivan.driver.RedRobinRoyaltyDriver<br>Parameters: RedRobinRoyaltyTestCases, LandingPageMain, RedRobinRoyaltyResults, Firefox, TestProfile, 20, RedRobinRoyalty.properties, 1, false, false</td>
<td></td>
<td>1</td>
<td>raysullivan.driver.RedRobinRoyaltyDriver@6e0e048a</td></tr>
<tr>
<td title='raysullivan.driver.RedRobinRoyaltyDriver.testDriver()'><b>testDriver</b><br>Test class: raysullivan.driver.RedRobinRoyaltyDriver<br>Parameters: RedRobinRoyaltyTestCases, LandingPageBottom, RedRobinRoyaltyResults, Firefox, TestProfile, 20, RedRobinRoyalty.properties, 1, false, false</td>
<td></td>
<td>2</td>
<td>raysullivan.driver.RedRobinRoyaltyDriver@6e0e048a</td></tr>
<tr>
<td title='raysullivan.driver.RedRobinRoyaltyDriver.testDriver()'><b>testDriver</b><br>Test class: raysullivan.driver.RedRobinRoyaltyDriver<br>Parameters: RedRobinRoyaltyTestCases, LandingPageRegister, RedRobinRoyaltyResults, Firefox, TestProfile, 20, RedRobinRoyalty.properties, 1, false, false</td>
<td></td>
<td>2</td>
<td>raysullivan.driver.RedRobinRoyaltyDriver@6e0e048a</td></tr>
<tr>
<td title='raysullivan.driver.RedRobinRoyaltyDriver.testDriver()'><b>testDriver</b><br>Test class: raysullivan.driver.RedRobinRoyaltyDriver<br>Parameters: RedRobinRoyaltyTestCases, LandingPageSignin, RedRobinRoyaltyResults, Firefox, TestProfile, 20, RedRobinRoyalty.properties, 1, false, false</td>
<td></td>
<td>3</td>
<td>raysullivan.driver.RedRobinRoyaltyDriver@6e0e048a</td></tr>
<tr>
<td title='raysullivan.driver.RedRobinRoyaltyDriver.testDriver()'><b>testDriver</b><br>Test class: raysullivan.driver.RedRobinRoyaltyDriver<br>Parameters: RedRobinRoyaltyTestCases, LandingPageAlternative, RedRobinRoyaltyResults, Firefox, TestProfile, 20, RedRobinRoyalty.properties, 1, false, false</td>
<td></td>
<td>1</td>
<td>raysullivan.driver.RedRobinRoyaltyDriver@6e0e048a</td></tr>
<tr>
<td title='raysullivan.driver.RedRobinRoyaltyDriver.testDriver()'><b>testDriver</b><br>Test class: raysullivan.driver.RedRobinRoyaltyDriver<br>Parameters: RedRobinRoyaltyTestCases, Terms, RedRobinRoyaltyResults, Firefox, TestProfile, 20, RedRobinRoyalty.properties, 1, false, false</td>
<td></td>
<td>22</td>
<td>raysullivan.driver.RedRobinRoyaltyDriver@6e0e048a</td></tr>
<tr>
<td title='raysullivan.driver.RedRobinRoyaltyDriver.testDriver()'><b>testDriver</b><br>Test class: raysullivan.driver.RedRobinRoyaltyDriver<br>Parameters: RedRobinRoyaltyTestCases, SignIn, RedRobinRoyaltyResults, Firefox, TestProfile, 20, RedRobinRoyaltySignIn.properties, 1, false, false</td>
<td></td>
<td>12</td>
<td>raysullivan.driver.RedRobinRoyaltyDriver@6e0e048a</td></tr>
</table><p>
</body>
</html>