<!DOCTYPE html PUBLIC "-//W3C//DTD XHTML 1.1//EN" "http://www.w3.org/TR/xhtml11/DTD/xhtml11.dtd">
<html xmlns="http://www.w3.org/1999/xhtml"><head><title>TestNG Report</title><style type="text/css">table {margin-bottom:10px;border-collapse:collapse;empty-cells:show}th,td {border:1px solid #009;padding:.25em .5em}th {vertical-align:bottom}td {vertical-align:top}table a {font-weight:bold}.stripe td {background-color: #E6EBF9}.num {text-align:right}.passedodd td {background-color: #3F3}.passedeven td {background-color: #0A0}.skippedodd td {background-color: #DDD}.skippedeven td {background-color: #CCC}.failedodd td,.attn {background-color: #F33}.failedeven td,.stripe .attn {background-color: #D00}.stacktrace {white-space:pre;font-family:monospace}.totop {font-size:85%;text-align:center;border-bottom:2px solid #000}</style></head><body><table><tr><th>Test</th><th># Passed</th><th># Skipped</th><th># Failed</th><th>Time (ms)</th><th>Included Groups</th><th>Excluded Groups</th></tr><tr><th colspan="7">Red Robin Royalty</th></tr><tr><td><a href="#t0">Red Robin Royalty Test</a></td><td class="num">9</td><td class="num">0</td><td class="num attn">2</td><td class="num">71,604</td><td></td><td></td></tr></table><table><thead><tr><th>Class</th><th>Method</th><th>Start</th><th>Time (ms)</th></tr></thead><tbody><tr><th colspan="4">Red Robin Royalty</th></tr></tbody><tbody id="t0"><tr><th colspan="4">Red Robin Royalty Test &#8212; failed</th></tr><tr class="failedeven"><td rowspan="2">raysullivan.driver.RedRobinRoyaltyDriver</td><td><a href="#m0">testDriver</a></td><td rowspan="2">1486077222005</td><td rowspan="2">3093</td></tr><tr class="failedeven"><td><a href="#m1">testDriver</a></td></tr><tr><th colspan="4">Red Robin Royalty Test &#8212; passed</th></tr><tr class="passedeven"><td rowspan="9">raysullivan.driver.RedRobinRoyaltyDriver</td><td><a href="#m2">testDriver</a></td><td rowspan="9">1486077190262</td><td rowspan="9">11611</td></tr><tr class="passedeven"><td><a href="#m3">testDriver</a></td></tr><tr class="passedeven"><td><a href="#m4">testDriver</a></td></tr><tr class="passedeven"><td><a href="#m5">testDriver</a></td></tr><tr class="passedeven"><td><a href="#m6">testDriver</a></td></tr><tr class="passedeven"><td><a href="#m7">testDriver</a></td></tr><tr class="passedeven"><td><a href="#m8">testDriver</a></td></tr><tr class="passedeven"><td><a href="#m9">testDriver</a></td></tr><tr class="passedeven"><td><a href="#m10">testDriver</a></td></tr></tbody></table><h2>Red Robin Royalty Test</h2><h3 id="m0">raysullivan.driver.RedRobinRoyaltyDriver#testDriver</h3><table class="result"><tr class="param"><th>Parameter #1</th><th>Parameter #2</th><th>Parameter #3</th><th>Parameter #4</th><th>Parameter #5</th><th>Parameter #6</th><th>Parameter #7</th><th>Parameter #8</th><th>Parameter #9</th><th>Parameter #10</th></tr><tr class="param stripe"><td>RedRobinRoyaltyTestCases</td><td>Locations</td><td>RedRobinRoyaltyResults</td><td>Firefox</td><td>TestProfile</td><td>20</td><td>RedRobinRoyalty.properties</td><td>1</td><td>false</td><td>false</td></tr><tr><th colspan="10">Exception</th></tr><tr><td colspan="10"><div class="stacktrace">java.lang.AssertionError: Error in operation RedRobinRoyaltyTestCases\Locations\Locations Row 15 ASSERTTEXT locLocation1Address 2706 W. Nob Hill Road, Yakima, WA 98902 Expecting: &quot;2706 W. Nob Hill Road, Yakima, WA 98902&quot; Actual: &quot;2706 W. Nob Hill Blvd, Yakima, WA 98902&quot;
	at org.junit.Assert.fail(Assert.java:88)
	at org.junit.Assert.assertTrue(Assert.java:41)
	at raysullivan.operation.AutomationDriver.testDriver(AutomationDriver.java:318)
	at sun.reflect.NativeMethodAccessorImpl.invoke0(Native Method)
	at sun.reflect.NativeMethodAccessorImpl.invoke(Unknown Source)
	at sun.reflect.DelegatingMethodAccessorImpl.invoke(Unknown Source)
	at java.lang.reflect.Method.invoke(Unknown Source)
	at org.testng.internal.MethodInvocationHelper.invokeMethod(MethodInvocationHelper.java:100)
	at org.testng.internal.Invoker.invokeMethod(Invoker.java:646)
	at org.testng.internal.Invoker.invokeTestMethod(Invoker.java:811)
	at org.testng.internal.Invoker.invokeTestMethods(Invoker.java:1137)
	at org.testng.internal.TestMethodWorker.invokeTestMethods(TestMethodWorker.java:129)
	at org.testng.internal.TestMethodWorker.run(TestMethodWorker.java:112)
	at org.testng.TestRunner.privateRun(TestRunner.java:753)
	at org.testng.TestRunner.run(TestRunner.java:607)
	at org.testng.SuiteRunner.runTest(SuiteRunner.java:368)
	at org.testng.SuiteRunner.runSequentially(SuiteRunner.java:363)
	at org.testng.SuiteRunner.privateRun(SuiteRunner.java:321)
	at org.testng.SuiteRunner.run(SuiteRunner.java:270)
	at org.testng.SuiteRunnerWorker.runSuite(SuiteRunnerWorker.java:52)
	at org.testng.SuiteRunnerWorker.run(SuiteRunnerWorker.java:86)
	at org.testng.TestNG.runSuitesSequentially(TestNG.java:1284)
	at org.testng.TestNG.runSuitesLocally(TestNG.java:1209)
	at org.testng.TestNG.runSuites(TestNG.java:1124)
	at org.testng.TestNG.run(TestNG.java:1096)
	at org.testng.remote.AbstractRemoteTestNG.run(AbstractRemoteTestNG.java:132)
	at org.testng.remote.RemoteTestNG.initAndRun(RemoteTestNG.java:236)
	at org.testng.remote.RemoteTestNG.main(RemoteTestNG.java:81)
</div></td></tr></table><p class="totop"><a href="#summary">back to summary</a></p><h3 id="m1">raysullivan.driver.RedRobinRoyaltyDriver#testDriver</h3><table class="result"><tr class="param"><th>Parameter #1</th><th>Parameter #2</th><th>Parameter #3</th><th>Parameter #4</th><th>Parameter #5</th><th>Parameter #6</th><th>Parameter #7</th><th>Parameter #8</th><th>Parameter #9</th><th>Parameter #10</th></tr><tr class="param stripe"><td>RedRobinRoyaltyTestCases</td><td>LandingPageWidgets</td><td>RedRobinRoyaltyResults</td><td>Firefox</td><td>TestProfile</td><td>20</td><td>RedRobinRoyalty.properties</td><td>1</td><td>false</td><td>false</td></tr><tr><th colspan="10">Exception</th></tr><tr><td colspan="10"><div class="stacktrace">java.lang.AssertionError: Error in operation RedRobinRoyaltyTestCases\LandingPageWidgets\Validate Widgets Row 8 HOVER wid1  Expecting: &quot;Success&quot; Actual: &quot;HOVER action on object wid1 not supported on this version of Selenium WebDriver&quot;
	at org.junit.Assert.fail(Assert.java:88)
	at org.junit.Assert.assertTrue(Assert.java:41)
	at raysullivan.operation.AutomationDriver.testDriver(AutomationDriver.java:318)
	at sun.reflect.NativeMethodAccessorImpl.invoke0(Native Method)
	at sun.reflect.NativeMethodAccessorImpl.invoke(Unknown Source)
	at sun.reflect.DelegatingMethodAccessorImpl.invoke(Unknown Source)
	at java.lang.reflect.Method.invoke(Unknown Source)
	at org.testng.internal.MethodInvocationHelper.invokeMethod(MethodInvocationHelper.java:100)
	at org.testng.internal.Invoker.invokeMethod(Invoker.java:646)
	at org.testng.internal.Invoker.invokeTestMethod(Invoker.java:811)
	at org.testng.internal.Invoker.invokeTestMethods(Invoker.java:1137)
	at org.testng.internal.TestMethodWorker.invokeTestMethods(TestMethodWorker.java:129)
	at org.testng.internal.TestMethodWorker.run(TestMethodWorker.java:112)
	at org.testng.TestRunner.privateRun(TestRunner.java:753)
	at org.testng.TestRunner.run(TestRunner.java:607)
	at org.testng.SuiteRunner.runTest(SuiteRunner.java:368)
	at org.testng.SuiteRunner.runSequentially(SuiteRunner.java:363)
	at org.testng.SuiteRunner.privateRun(SuiteRunner.java:321)
	at org.testng.SuiteRunner.run(SuiteRunner.java:270)
	at org.testng.SuiteRunnerWorker.runSuite(SuiteRunnerWorker.java:52)
	at org.testng.SuiteRunnerWorker.run(SuiteRunnerWorker.java:86)
	at org.testng.TestNG.runSuitesSequentially(TestNG.java:1284)
	at org.testng.TestNG.runSuitesLocally(TestNG.java:1209)
	at org.testng.TestNG.runSuites(TestNG.java:1124)
	at org.testng.TestNG.run(TestNG.java:1096)
	at org.testng.remote.AbstractRemoteTestNG.run(AbstractRemoteTestNG.java:132)
	at org.testng.remote.RemoteTestNG.initAndRun(RemoteTestNG.java:236)
	at org.testng.remote.RemoteTestNG.main(RemoteTestNG.java:81)
</div></td></tr></table><p class="totop"><a href="#summary">back to summary</a></p><h3 id="m2">raysullivan.driver.RedRobinRoyaltyDriver#testDriver</h3><table class="result"><tr class="param"><th>Parameter #1</th><th>Parameter #2</th><th>Parameter #3</th><th>Parameter #4</th><th>Parameter #5</th><th>Parameter #6</th><th>Parameter #7</th><th>Parameter #8</th><th>Parameter #9</th><th>Parameter #10</th></tr><tr class="param stripe"><td>RedRobinRoyaltyTestCases</td><td>LandingPageUpper</td><td>RedRobinRoyaltyResults</td><td>Firefox</td><td>TestProfile</td><td>20</td><td>RedRobinRoyalty.properties</td><td>1</td><td>false</td><td>false</td></tr></table><p class="totop"><a href="#summary">back to summary</a></p><h3 id="m3">raysullivan.driver.RedRobinRoyaltyDriver#testDriver</h3><table class="result"><tr class="param"><th>Parameter #1</th><th>Parameter #2</th><th>Parameter #3</th><th>Parameter #4</th><th>Parameter #5</th><th>Parameter #6</th><th>Parameter #7</th><th>Parameter #8</th><th>Parameter #9</th><th>Parameter #10</th></tr><tr class="param stripe"><td>RedRobinRoyaltyTestCases</td><td>LandingPageRegister</td><td>RedRobinRoyaltyResults</td><td>Firefox</td><td>TestProfile</td><td>20</td><td>RedRobinRoyalty.properties</td><td>1</td><td>false</td><td>false</td></tr></table><p class="totop"><a href="#summary">back to summary</a></p><h3 id="m4">raysullivan.driver.RedRobinRoyaltyDriver#testDriver</h3><table class="result"><tr class="param"><th>Parameter #1</th><th>Parameter #2</th><th>Parameter #3</th><th>Parameter #4</th><th>Parameter #5</th><th>Parameter #6</th><th>Parameter #7</th><th>Parameter #8</th><th>Parameter #9</th><th>Parameter #10</th></tr><tr class="param stripe"><td>RedRobinRoyaltyTestCases</td><td>LandingPageAlternative</td><td>RedRobinRoyaltyResults</td><td>Firefox</td><td>TestProfile</td><td>20</td><td>RedRobinRoyalty.properties</td><td>1</td><td>false</td><td>false</td></tr></table><p class="totop"><a href="#summary">back to summary</a></p><h3 id="m5">raysullivan.driver.RedRobinRoyaltyDriver#testDriver</h3><table class="result"><tr class="param"><th>Parameter #1</th><th>Parameter #2</th><th>Parameter #3</th><th>Parameter #4</th><th>Parameter #5</th><th>Parameter #6</th><th>Parameter #7</th><th>Parameter #8</th><th>Parameter #9</th><th>Parameter #10</th></tr><tr class="param stripe"><td>RedRobinRoyaltyTestCases</td><td>LandingPageSocial</td><td>RedRobinRoyaltyResults</td><td>Firefox</td><td>TestProfile</td><td>20</td><td>RedRobinRoyalty.properties</td><td>1</td><td>false</td><td>false</td></tr></table><p class="totop"><a href="#summary">back to summary</a></p><h3 id="m6">raysullivan.driver.RedRobinRoyaltyDriver#testDriver</h3><table class="result"><tr class="param"><th>Parameter #1</th><th>Parameter #2</th><th>Parameter #3</th><th>Parameter #4</th><th>Parameter #5</th><th>Parameter #6</th><th>Parameter #7</th><th>Parameter #8</th><th>Parameter #9</th><th>Parameter #10</th></tr><tr class="param stripe"><td>RedRobinRoyaltyTestCases</td><td>Terms</td><td>RedRobinRoyaltyResults</td><td>Firefox</td><td>TestProfile</td><td>20</td><td>RedRobinRoyalty.properties</td><td>1</td><td>false</td><td>false</td></tr></table><p class="totop"><a href="#summary">back to summary</a></p><h3 id="m7">raysullivan.driver.RedRobinRoyaltyDriver#testDriver</h3><table class="result"><tr class="param"><th>Parameter #1</th><th>Parameter #2</th><th>Parameter #3</th><th>Parameter #4</th><th>Parameter #5</th><th>Parameter #6</th><th>Parameter #7</th><th>Parameter #8</th><th>Parameter #9</th><th>Parameter #10</th></tr><tr class="param stripe"><td>RedRobinRoyaltyTestCases</td><td>SignIn</td><td>RedRobinRoyaltyResults</td><td>Firefox</td><td>TestProfile</td><td>20</td><td>RedRobinRoyaltySignIn.properties</td><td>1</td><td>false</td><td>false</td></tr></table><p class="totop"><a href="#summary">back to summary</a></p><h3 id="m8">raysullivan.driver.RedRobinRoyaltyDriver#testDriver</h3><table class="result"><tr class="param"><th>Parameter #1</th><th>Parameter #2</th><th>Parameter #3</th><th>Parameter #4</th><th>Parameter #5</th><th>Parameter #6</th><th>Parameter #7</th><th>Parameter #8</th><th>Parameter #9</th><th>Parameter #10</th></tr><tr class="param stripe"><td>RedRobinRoyaltyTestCases</td><td>LandingPageSignin</td><td>RedRobinRoyaltyResults</td><td>Firefox</td><td>TestProfile</td><td>20</td><td>RedRobinRoyalty.properties</td><td>1</td><td>false</td><td>false</td></tr></table><p class="totop"><a href="#summary">back to summary</a></p><h3 id="m9">raysullivan.driver.RedRobinRoyaltyDriver#testDriver</h3><table class="result"><tr class="param"><th>Parameter #1</th><th>Parameter #2</th><th>Parameter #3</th><th>Parameter #4</th><th>Parameter #5</th><th>Parameter #6</th><th>Parameter #7</th><th>Parameter #8</th><th>Parameter #9</th><th>Parameter #10</th></tr><tr class="param stripe"><td>RedRobinRoyaltyTestCases</td><td>LandingPageMain</td><td>RedRobinRoyaltyResults</td><td>Firefox</td><td>TestProfile</td><td>20</td><td>RedRobinRoyalty.properties</td><td>1</td><td>false</td><td>false</td></tr></table><p class="totop"><a href="#summary">back to summary</a></p><h3 id="m10">raysullivan.driver.RedRobinRoyaltyDriver#testDriver</h3><table class="result"><tr class="param"><th>Parameter #1</th><th>Parameter #2</th><th>Parameter #3</th><th>Parameter #4</th><th>Parameter #5</th><th>Parameter #6</th><th>Parameter #7</th><th>Parameter #8</th><th>Parameter #9</th><th>Parameter #10</th></tr><tr class="param stripe"><td>RedRobinRoyaltyTestCases</td><td>LandingPageBottom</td><td>RedRobinRoyaltyResults</td><td>Firefox</td><td>TestProfile</td><td>20</td><td>RedRobinRoyalty.properties</td><td>1</td><td>false</td><td>false</td></tr></table><p class="totop"><a href="#summary">back to summary</a></p></body></html>