<?xml version="1.0" encoding="UTF-8"?>
<testng-results skipped="0" failed="2" total="11" passed="9">
  <reporter-output>
  </reporter-output>
  <suite name="Red Robin Royalty" duration-ms="71604" started-at="2017-02-02T23:13:10Z" finished-at="2017-02-02T23:14:21Z">
    <groups>
    </groups>
    <test name="Red Robin Royalty Test" duration-ms="71604" started-at="2017-02-02T23:13:10Z" finished-at="2017-02-02T23:14:21Z">
      <class name="raysullivan.driver.RedRobinRoyaltyDriver">
        <test-method status="PASS" signature="beforeSuite()[pri:0, instance:raysullivan.driver.RedRobinRoyaltyDriver@6e0e048a]" name="beforeSuite" is-config="true" duration-ms="10" started-at="2017-02-02T16:13:10Z" finished-at="2017-02-02T16:13:10Z">
          <reporter-output>
          </reporter-output>
        </test-method> <!-- beforeSuite -->
        <test-method status="PASS" signature="testDriver(java.lang.String, java.lang.String, java.lang.String, java.lang.String, java.lang.String, int, java.lang.String, int, boolean, boolean)[pri:0, instance:raysullivan.driver.RedRobinRoyaltyDriver@6e0e048a]" name="testDriver" duration-ms="11611" started-at="2017-02-02T16:13:10Z" finished-at="2017-02-02T16:13:21Z">
          <params>
            <param index="0">
              <value>
                <![CDATA[RedRobinRoyaltyTestCases]]>
              </value>
            </param>
            <param index="1">
              <value>
                <![CDATA[LandingPageUpper]]>
              </value>
            </param>
            <param index="2">
              <value>
                <![CDATA[RedRobinRoyaltyResults]]>
              </value>
            </param>
            <param index="3">
              <value>
                <![CDATA[Firefox]]>
              </value>
            </param>
            <param index="4">
              <value>
                <![CDATA[TestProfile]]>
              </value>
            </param>
            <param index="5">
              <value>
                <![CDATA[20]]>
              </value>
            </param>
            <param index="6">
              <value>
                <![CDATA[RedRobinRoyalty.properties]]>
              </value>
            </param>
            <param index="7">
              <value>
                <![CDATA[1]]>
              </value>
            </param>
            <param index="8">
              <value>
                <![CDATA[false]]>
              </value>
            </param>
            <param index="9">
              <value>
                <![CDATA[false]]>
              </value>
            </param>
          </params>
          <reporter-output>
          </reporter-output>
        </test-method> <!-- testDriver -->
        <test-method status="PASS" signature="testDriver(java.lang.String, java.lang.String, java.lang.String, java.lang.String, java.lang.String, int, java.lang.String, int, boolean, boolean)[pri:0, instance:raysullivan.driver.RedRobinRoyaltyDriver@6e0e048a]" name="testDriver" duration-ms="1704" started-at="2017-02-02T16:13:21Z" finished-at="2017-02-02T16:13:23Z">
          <params>
            <param index="0">
              <value>
                <![CDATA[RedRobinRoyaltyTestCases]]>
              </value>
            </param>
            <param index="1">
              <value>
                <![CDATA[LandingPageSocial]]>
              </value>
            </param>
            <param index="2">
              <value>
                <![CDATA[RedRobinRoyaltyResults]]>
              </value>
            </param>
            <param index="3">
              <value>
                <![CDATA[Firefox]]>
              </value>
            </param>
            <param index="4">
              <value>
                <![CDATA[TestProfile]]>
              </value>
            </param>
            <param index="5">
              <value>
                <![CDATA[20]]>
              </value>
            </param>
            <param index="6">
              <value>
                <![CDATA[RedRobinRoyalty.properties]]>
              </value>
            </param>
            <param index="7">
              <value>
                <![CDATA[1]]>
              </value>
            </param>
            <param index="8">
              <value>
                <![CDATA[false]]>
              </value>
            </param>
            <param index="9">
              <value>
                <![CDATA[false]]>
              </value>
            </param>
          </params>
          <reporter-output>
          </reporter-output>
        </test-method> <!-- testDriver -->
        <test-method status="PASS" signature="testDriver(java.lang.String, java.lang.String, java.lang.String, java.lang.String, java.lang.String, int, java.lang.String, int, boolean, boolean)[pri:0, instance:raysullivan.driver.RedRobinRoyaltyDriver@6e0e048a]" name="testDriver" duration-ms="1743" started-at="2017-02-02T16:13:23Z" finished-at="2017-02-02T16:13:25Z">
          <params>
            <param index="0">
              <value>
                <![CDATA[RedRobinRoyaltyTestCases]]>
              </value>
            </param>
            <param index="1">
              <value>
                <![CDATA[LandingPageMain]]>
              </value>
            </param>
            <param index="2">
              <value>
                <![CDATA[RedRobinRoyaltyResults]]>
              </value>
            </param>
            <param index="3">
              <value>
                <![CDATA[Firefox]]>
              </value>
            </param>
            <param index="4">
              <value>
                <![CDATA[TestProfile]]>
              </value>
            </param>
            <param index="5">
              <value>
                <![CDATA[20]]>
              </value>
            </param>
            <param index="6">
              <value>
                <![CDATA[RedRobinRoyalty.properties]]>
              </value>
            </param>
            <param index="7">
              <value>
                <![CDATA[1]]>
              </value>
            </param>
            <param index="8">
              <value>
                <![CDATA[false]]>
              </value>
            </param>
            <param index="9">
              <value>
                <![CDATA[false]]>
              </value>
            </param>
          </params>
          <reporter-output>
          </reporter-output>
        </test-method> <!-- testDriver -->
        <test-method status="PASS" signature="testDriver(java.lang.String, java.lang.String, java.lang.String, java.lang.String, java.lang.String, int, java.lang.String, int, boolean, boolean)[pri:0, instance:raysullivan.driver.RedRobinRoyaltyDriver@6e0e048a]" name="testDriver" duration-ms="2538" started-at="2017-02-02T16:13:25Z" finished-at="2017-02-02T16:13:27Z">
          <params>
            <param index="0">
              <value>
                <![CDATA[RedRobinRoyaltyTestCases]]>
              </value>
            </param>
            <param index="1">
              <value>
                <![CDATA[LandingPageBottom]]>
              </value>
            </param>
            <param index="2">
              <value>
                <![CDATA[RedRobinRoyaltyResults]]>
              </value>
            </param>
            <param index="3">
              <value>
                <![CDATA[Firefox]]>
              </value>
            </param>
            <param index="4">
              <value>
                <![CDATA[TestProfile]]>
              </value>
            </param>
            <param index="5">
              <value>
                <![CDATA[20]]>
              </value>
            </param>
            <param index="6">
              <value>
                <![CDATA[RedRobinRoyalty.properties]]>
              </value>
            </param>
            <param index="7">
              <value>
                <![CDATA[1]]>
              </value>
            </param>
            <param index="8">
              <value>
                <![CDATA[false]]>
              </value>
            </param>
            <param index="9">
              <value>
                <![CDATA[false]]>
              </value>
            </param>
          </params>
          <reporter-output>
          </reporter-output>
        </test-method> <!-- testDriver -->
        <test-method status="PASS" signature="testDriver(java.lang.String, java.lang.String, java.lang.String, java.lang.String, java.lang.String, int, java.lang.String, int, boolean, boolean)[pri:0, instance:raysullivan.driver.RedRobinRoyaltyDriver@6e0e048a]" name="testDriver" duration-ms="2418" started-at="2017-02-02T16:13:27Z" finished-at="2017-02-02T16:13:30Z">
          <params>
            <param index="0">
              <value>
                <![CDATA[RedRobinRoyaltyTestCases]]>
              </value>
            </param>
            <param index="1">
              <value>
                <![CDATA[LandingPageRegister]]>
              </value>
            </param>
            <param index="2">
              <value>
                <![CDATA[RedRobinRoyaltyResults]]>
              </value>
            </param>
            <param index="3">
              <value>
                <![CDATA[Firefox]]>
              </value>
            </param>
            <param index="4">
              <value>
                <![CDATA[TestProfile]]>
              </value>
            </param>
            <param index="5">
              <value>
                <![CDATA[20]]>
              </value>
            </param>
            <param index="6">
              <value>
                <![CDATA[RedRobinRoyalty.properties]]>
              </value>
            </param>
            <param index="7">
              <value>
                <![CDATA[1]]>
              </value>
            </param>
            <param index="8">
              <value>
                <![CDATA[false]]>
              </value>
            </param>
            <param index="9">
              <value>
                <![CDATA[false]]>
              </value>
            </param>
          </params>
          <reporter-output>
          </reporter-output>
        </test-method> <!-- testDriver -->
        <test-method status="PASS" signature="testDriver(java.lang.String, java.lang.String, java.lang.String, java.lang.String, java.lang.String, int, java.lang.String, int, boolean, boolean)[pri:0, instance:raysullivan.driver.RedRobinRoyaltyDriver@6e0e048a]" name="testDriver" duration-ms="3034" started-at="2017-02-02T16:13:30Z" finished-at="2017-02-02T16:13:33Z">
          <params>
            <param index="0">
              <value>
                <![CDATA[RedRobinRoyaltyTestCases]]>
              </value>
            </param>
            <param index="1">
              <value>
                <![CDATA[LandingPageSignin]]>
              </value>
            </param>
            <param index="2">
              <value>
                <![CDATA[RedRobinRoyaltyResults]]>
              </value>
            </param>
            <param index="3">
              <value>
                <![CDATA[Firefox]]>
              </value>
            </param>
            <param index="4">
              <value>
                <![CDATA[TestProfile]]>
              </value>
            </param>
            <param index="5">
              <value>
                <![CDATA[20]]>
              </value>
            </param>
            <param index="6">
              <value>
                <![CDATA[RedRobinRoyalty.properties]]>
              </value>
            </param>
            <param index="7">
              <value>
                <![CDATA[1]]>
              </value>
            </param>
            <param index="8">
              <value>
                <![CDATA[false]]>
              </value>
            </param>
            <param index="9">
              <value>
                <![CDATA[false]]>
              </value>
            </param>
          </params>
          <reporter-output>
          </reporter-output>
        </test-method> <!-- testDriver -->
        <test-method status="PASS" signature="testDriver(java.lang.String, java.lang.String, java.lang.String, java.lang.String, java.lang.String, int, java.lang.String, int, boolean, boolean)[pri:0, instance:raysullivan.driver.RedRobinRoyaltyDriver@6e0e048a]" name="testDriver" duration-ms="1553" started-at="2017-02-02T16:13:33Z" finished-at="2017-02-02T16:13:34Z">
          <params>
            <param index="0">
              <value>
                <![CDATA[RedRobinRoyaltyTestCases]]>
              </value>
            </param>
            <param index="1">
              <value>
                <![CDATA[LandingPageAlternative]]>
              </value>
            </param>
            <param index="2">
              <value>
                <![CDATA[RedRobinRoyaltyResults]]>
              </value>
            </param>
            <param index="3">
              <value>
                <![CDATA[Firefox]]>
              </value>
            </param>
            <param index="4">
              <value>
                <![CDATA[TestProfile]]>
              </value>
            </param>
            <param index="5">
              <value>
                <![CDATA[20]]>
              </value>
            </param>
            <param index="6">
              <value>
                <![CDATA[RedRobinRoyalty.properties]]>
              </value>
            </param>
            <param index="7">
              <value>
                <![CDATA[1]]>
              </value>
            </param>
            <param index="8">
              <value>
                <![CDATA[false]]>
              </value>
            </param>
            <param index="9">
              <value>
                <![CDATA[false]]>
              </value>
            </param>
          </params>
          <reporter-output>
          </reporter-output>
        </test-method> <!-- testDriver -->
        <test-method status="FAIL" signature="testDriver(java.lang.String, java.lang.String, java.lang.String, java.lang.String, java.lang.String, int, java.lang.String, int, boolean, boolean)[pri:0, instance:raysullivan.driver.RedRobinRoyaltyDriver@6e0e048a]" name="testDriver" duration-ms="6820" started-at="2017-02-02T16:13:34Z" finished-at="2017-02-02T16:13:41Z">
          <params>
            <param index="0">
              <value>
                <![CDATA[RedRobinRoyaltyTestCases]]>
              </value>
            </param>
            <param index="1">
              <value>
                <![CDATA[LandingPageWidgets]]>
              </value>
            </param>
            <param index="2">
              <value>
                <![CDATA[RedRobinRoyaltyResults]]>
              </value>
            </param>
            <param index="3">
              <value>
                <![CDATA[Firefox]]>
              </value>
            </param>
            <param index="4">
              <value>
                <![CDATA[TestProfile]]>
              </value>
            </param>
            <param index="5">
              <value>
                <![CDATA[20]]>
              </value>
            </param>
            <param index="6">
              <value>
                <![CDATA[RedRobinRoyalty.properties]]>
              </value>
            </param>
            <param index="7">
              <value>
                <![CDATA[1]]>
              </value>
            </param>
            <param index="8">
              <value>
                <![CDATA[false]]>
              </value>
            </param>
            <param index="9">
              <value>
                <![CDATA[false]]>
              </value>
            </param>
          </params>
          <exception class="java.lang.AssertionError">
            <message>
              <![CDATA[Error in operation RedRobinRoyaltyTestCases\LandingPageWidgets\Validate Widgets Row 8 HOVER wid1  Expecting: "Success" Actual: "HOVER action on object wid1 not supported on this version of Selenium WebDriver"]]>
            </message>
            <full-stacktrace>
              <![CDATA[java.lang.AssertionError: Error in operation RedRobinRoyaltyTestCases\LandingPageWidgets\Validate Widgets Row 8 HOVER wid1  Expecting: "Success" Actual: "HOVER action on object wid1 not supported on this version of Selenium WebDriver"
	at org.junit.Assert.fail(Assert.java:88)
	at org.junit.Assert.assertTrue(Assert.java:41)
	at raysullivan.operation.AutomationDriver.testDriver(AutomationDriver.java:318)
	at sun.reflect.NativeMethodAccessorImpl.invoke0(Native Method)
	at sun.reflect.NativeMethodAccessorImpl.invoke(Unknown Source)
	at sun.reflect.DelegatingMethodAccessorImpl.invoke(Unknown Source)
	at java.lang.reflect.Method.invoke(Unknown Source)
	at org.testng.internal.MethodInvocationHelper.invokeMethod(MethodInvocationHelper.java:100)
	at org.testng.internal.Invoker.invokeMethod(Invoker.java:646)
	at org.testng.internal.Invoker.invokeTestMethod(Invoker.java:811)
	at org.testng.internal.Invoker.invokeTestMethods(Invoker.java:1137)
	at org.testng.internal.TestMethodWorker.invokeTestMethods(TestMethodWorker.java:129)
	at org.testng.internal.TestMethodWorker.run(TestMethodWorker.java:112)
	at org.testng.TestRunner.privateRun(TestRunner.java:753)
	at org.testng.TestRunner.run(TestRunner.java:607)
	at org.testng.SuiteRunner.runTest(SuiteRunner.java:368)
	at org.testng.SuiteRunner.runSequentially(SuiteRunner.java:363)
	at org.testng.SuiteRunner.privateRun(SuiteRunner.java:321)
	at org.testng.SuiteRunner.run(SuiteRunner.java:270)
	at org.testng.SuiteRunnerWorker.runSuite(SuiteRunnerWorker.java:52)
	at org.testng.SuiteRunnerWorker.run(SuiteRunnerWorker.java:86)
	at org.testng.TestNG.runSuitesSequentially(TestNG.java:1284)
	at org.testng.TestNG.runSuitesLocally(TestNG.java:1209)
	at org.testng.TestNG.runSuites(TestNG.java:1124)
	at org.testng.TestNG.run(TestNG.java:1096)
	at org.testng.remote.AbstractRemoteTestNG.run(AbstractRemoteTestNG.java:132)
	at org.testng.remote.RemoteTestNG.initAndRun(RemoteTestNG.java:236)
	at org.testng.remote.RemoteTestNG.main(RemoteTestNG.java:81)
]]>
            </full-stacktrace>
          </exception> <!-- java.lang.AssertionError -->
          <reporter-output>
          </reporter-output>
        </test-method> <!-- testDriver -->
        <test-method status="FAIL" signature="testDriver(java.lang.String, java.lang.String, java.lang.String, java.lang.String, java.lang.String, int, java.lang.String, int, boolean, boolean)[pri:0, instance:raysullivan.driver.RedRobinRoyaltyDriver@6e0e048a]" name="testDriver" duration-ms="3093" started-at="2017-02-02T16:13:42Z" finished-at="2017-02-02T16:13:45Z">
          <params>
            <param index="0">
              <value>
                <![CDATA[RedRobinRoyaltyTestCases]]>
              </value>
            </param>
            <param index="1">
              <value>
                <![CDATA[Locations]]>
              </value>
            </param>
            <param index="2">
              <value>
                <![CDATA[RedRobinRoyaltyResults]]>
              </value>
            </param>
            <param index="3">
              <value>
                <![CDATA[Firefox]]>
              </value>
            </param>
            <param index="4">
              <value>
                <![CDATA[TestProfile]]>
              </value>
            </param>
            <param index="5">
              <value>
                <![CDATA[20]]>
              </value>
            </param>
            <param index="6">
              <value>
                <![CDATA[RedRobinRoyalty.properties]]>
              </value>
            </param>
            <param index="7">
              <value>
                <![CDATA[1]]>
              </value>
            </param>
            <param index="8">
              <value>
                <![CDATA[false]]>
              </value>
            </param>
            <param index="9">
              <value>
                <![CDATA[false]]>
              </value>
            </param>
          </params>
          <exception class="java.lang.AssertionError">
            <message>
              <![CDATA[Error in operation RedRobinRoyaltyTestCases\Locations\Locations Row 15 ASSERTTEXT locLocation1Address 2706 W. Nob Hill Road, Yakima, WA 98902 Expecting: "2706 W. Nob Hill Road, Yakima, WA 98902" Actual: "2706 W. Nob Hill Blvd, Yakima, WA 98902"]]>
            </message>
            <full-stacktrace>
              <![CDATA[java.lang.AssertionError: Error in operation RedRobinRoyaltyTestCases\Locations\Locations Row 15 ASSERTTEXT locLocation1Address 2706 W. Nob Hill Road, Yakima, WA 98902 Expecting: "2706 W. Nob Hill Road, Yakima, WA 98902" Actual: "2706 W. Nob Hill Blvd, Yakima, WA 98902"
	at org.junit.Assert.fail(Assert.java:88)
	at org.junit.Assert.assertTrue(Assert.java:41)
	at raysullivan.operation.AutomationDriver.testDriver(AutomationDriver.java:318)
	at sun.reflect.NativeMethodAccessorImpl.invoke0(Native Method)
	at sun.reflect.NativeMethodAccessorImpl.invoke(Unknown Source)
	at sun.reflect.DelegatingMethodAccessorImpl.invoke(Unknown Source)
	at java.lang.reflect.Method.invoke(Unknown Source)
	at org.testng.internal.MethodInvocationHelper.invokeMethod(MethodInvocationHelper.java:100)
	at org.testng.internal.Invoker.invokeMethod(Invoker.java:646)
	at org.testng.internal.Invoker.invokeTestMethod(Invoker.java:811)
	at org.testng.internal.Invoker.invokeTestMethods(Invoker.java:1137)
	at org.testng.internal.TestMethodWorker.invokeTestMethods(TestMethodWorker.java:129)
	at org.testng.internal.TestMethodWorker.run(TestMethodWorker.java:112)
	at org.testng.TestRunner.privateRun(TestRunner.java:753)
	at org.testng.TestRunner.run(TestRunner.java:607)
	at org.testng.SuiteRunner.runTest(SuiteRunner.java:368)
	at org.testng.SuiteRunner.runSequentially(SuiteRunner.java:363)
	at org.testng.SuiteRunner.privateRun(SuiteRunner.java:321)
	at org.testng.SuiteRunner.run(SuiteRunner.java:270)
	at org.testng.SuiteRunnerWorker.runSuite(SuiteRunnerWorker.java:52)
	at org.testng.SuiteRunnerWorker.run(SuiteRunnerWorker.java:86)
	at org.testng.TestNG.runSuitesSequentially(TestNG.java:1284)
	at org.testng.TestNG.runSuitesLocally(TestNG.java:1209)
	at org.testng.TestNG.runSuites(TestNG.java:1124)
	at org.testng.TestNG.run(TestNG.java:1096)
	at org.testng.remote.AbstractRemoteTestNG.run(AbstractRemoteTestNG.java:132)
	at org.testng.remote.RemoteTestNG.initAndRun(RemoteTestNG.java:236)
	at org.testng.remote.RemoteTestNG.main(RemoteTestNG.java:81)
]]>
            </full-stacktrace>
          </exception> <!-- java.lang.AssertionError -->
          <reporter-output>
          </reporter-output>
        </test-method> <!-- testDriver -->
        <test-method status="PASS" signature="testDriver(java.lang.String, java.lang.String, java.lang.String, java.lang.String, java.lang.String, int, java.lang.String, int, boolean, boolean)[pri:0, instance:raysullivan.driver.RedRobinRoyaltyDriver@6e0e048a]" name="testDriver" duration-ms="22932" started-at="2017-02-02T16:13:45Z" finished-at="2017-02-02T16:14:08Z">
          <params>
            <param index="0">
              <value>
                <![CDATA[RedRobinRoyaltyTestCases]]>
              </value>
            </param>
            <param index="1">
              <value>
                <![CDATA[Terms]]>
              </value>
            </param>
            <param index="2">
              <value>
                <![CDATA[RedRobinRoyaltyResults]]>
              </value>
            </param>
            <param index="3">
              <value>
                <![CDATA[Firefox]]>
              </value>
            </param>
            <param index="4">
              <value>
                <![CDATA[TestProfile]]>
              </value>
            </param>
            <param index="5">
              <value>
                <![CDATA[20]]>
              </value>
            </param>
            <param index="6">
              <value>
                <![CDATA[RedRobinRoyalty.properties]]>
              </value>
            </param>
            <param index="7">
              <value>
                <![CDATA[1]]>
              </value>
            </param>
            <param index="8">
              <value>
                <![CDATA[false]]>
              </value>
            </param>
            <param index="9">
              <value>
                <![CDATA[false]]>
              </value>
            </param>
          </params>
          <reporter-output>
          </reporter-output>
        </test-method> <!-- testDriver -->
        <test-method status="PASS" signature="testDriver(java.lang.String, java.lang.String, java.lang.String, java.lang.String, java.lang.String, int, java.lang.String, int, boolean, boolean)[pri:0, instance:raysullivan.driver.RedRobinRoyaltyDriver@6e0e048a]" name="testDriver" duration-ms="12484" started-at="2017-02-02T16:14:08Z" finished-at="2017-02-02T16:14:20Z">
          <params>
            <param index="0">
              <value>
                <![CDATA[RedRobinRoyaltyTestCases]]>
              </value>
            </param>
            <param index="1">
              <value>
                <![CDATA[SignIn]]>
              </value>
            </param>
            <param index="2">
              <value>
                <![CDATA[RedRobinRoyaltyResults]]>
              </value>
            </param>
            <param index="3">
              <value>
                <![CDATA[Firefox]]>
              </value>
            </param>
            <param index="4">
              <value>
                <![CDATA[TestProfile]]>
              </value>
            </param>
            <param index="5">
              <value>
                <![CDATA[20]]>
              </value>
            </param>
            <param index="6">
              <value>
                <![CDATA[RedRobinRoyaltySignIn.properties]]>
              </value>
            </param>
            <param index="7">
              <value>
                <![CDATA[1]]>
              </value>
            </param>
            <param index="8">
              <value>
                <![CDATA[false]]>
              </value>
            </param>
            <param index="9">
              <value>
                <![CDATA[false]]>
              </value>
            </param>
          </params>
          <reporter-output>
          </reporter-output>
        </test-method> <!-- testDriver -->
        <test-method status="PASS" signature="afterTest()[pri:0, instance:raysullivan.driver.RedRobinRoyaltyDriver@6e0e048a]" name="afterTest" is-config="true" duration-ms="1005" started-at="2017-02-02T16:14:20Z" finished-at="2017-02-02T16:14:21Z">
          <reporter-output>
          </reporter-output>
        </test-method> <!-- afterTest -->
        <test-method status="PASS" signature="afterSuite()[pri:0, instance:raysullivan.driver.RedRobinRoyaltyDriver@6e0e048a]" name="afterSuite" is-config="true" duration-ms="2763" started-at="2017-02-02T16:14:22Z" finished-at="2017-02-02T16:14:24Z">
          <reporter-output>
          </reporter-output>
        </test-method> <!-- afterSuite -->
      </class> <!-- raysullivan.driver.RedRobinRoyaltyDriver -->
    </test> <!-- Red Robin Royalty Test -->
  </suite> <!-- Red Robin Royalty -->
</testng-results>
