<?xml version="1.0" encoding="UTF-8"?>
<!-- Generated by org.testng.reporters.JUnitReportReporter -->
<testsuite skipped="0" hostname="RSULL-3788L-BRM" name="raysullivan.unitTest.TestDriverVariable" tests="22" failures="0" timestamp="2 Dec 2016 22:15:25 GMT" time="0.045" errors="1">
  <testcase name="createVariable" time="0.001" classname="raysullivan.unitTest.TestDriverVariable"/>
  <testcase name="createVariableInvalid" time="0.001" classname="raysullivan.unitTest.TestDriverVariable"/>
  <testcase name="createVariable" time="0.001" classname="raysullivan.unitTest.TestDriverVariable"/>
  <testcase name="setVariableNameAndValueNull" time="0.003" classname="raysullivan.unitTest.TestDriverVariable"/>
  <testcase name="getPreviouslySetVariableValue" time="0.002" classname="raysullivan.unitTest.TestDriverVariable">
    <error type="raysullivan.operation.AutomationDriverException" message="Error: variable ${user.name} not declared.">
      <![CDATA[raysullivan.operation.AutomationDriverException: Error: variable ${user.name} not declared.
	at raysullivan.operation.DriverVariable.getVariableValue(DriverVariable.java:134)
	at raysullivan.unitTest.TestDriverVariable.getPreviouslySetVariableValue(TestDriverVariable.java:58)
	at sun.reflect.NativeMethodAccessorImpl.invoke0(Native Method)
	at sun.reflect.NativeMethodAccessorImpl.invoke(Unknown Source)
	at sun.reflect.DelegatingMethodAccessorImpl.invoke(Unknown Source)
	at java.lang.reflect.Method.invoke(Unknown Source)
	at org.testng.internal.MethodInvocationHelper.invokeMethod(MethodInvocationHelper.java:100)
	at org.testng.internal.Invoker.invokeMethod(Invoker.java:646)
	at org.testng.internal.Invoker.invokeTestMethod(Invoker.java:811)
	at org.testng.internal.Invoker.invokeTestMethods(Invoker.java:1137)
	at org.testng.internal.TestMethodWorker.invokeTestMethods(TestMethodWorker.java:129)
	at org.testng.internal.TestMethodWorker.run(TestMethodWorker.java:112)
	at org.testng.TestRunner.privateRun(TestRunner.java:753)
	at org.testng.TestRunner.run(TestRunner.java:607)
	at org.testng.SuiteRunner.runTest(SuiteRunner.java:368)
	at org.testng.SuiteRunner.runSequentially(SuiteRunner.java:363)
	at org.testng.SuiteRunner.privateRun(SuiteRunner.java:321)
	at org.testng.SuiteRunner.run(SuiteRunner.java:270)
	at org.testng.SuiteRunnerWorker.runSuite(SuiteRunnerWorker.java:52)
	at org.testng.SuiteRunnerWorker.run(SuiteRunnerWorker.java:86)
	at org.testng.TestNG.runSuitesSequentially(TestNG.java:1284)
	at org.testng.TestNG.runSuitesLocally(TestNG.java:1209)
	at org.testng.TestNG.runSuites(TestNG.java:1124)
	at org.testng.TestNG.run(TestNG.java:1096)
	at org.testng.remote.AbstractRemoteTestNG.run(AbstractRemoteTestNG.java:132)
	at org.testng.remote.RemoteTestNG.initAndRun(RemoteTestNG.java:236)
	at org.testng.remote.RemoteTestNG.main(RemoteTestNG.java:81)
]]>
    </error>
  </testcase> <!-- getPreviouslySetVariableValue -->
  <testcase name="createVariableInvalid" time="0.001" classname="raysullivan.unitTest.TestDriverVariable"/>
  <testcase name="createVariable" time="0.008" classname="raysullivan.unitTest.TestDriverVariable"/>
  <testcase name="createVariable" time="0.001" classname="raysullivan.unitTest.TestDriverVariable"/>
  <testcase name="createVariable" time="0.003" classname="raysullivan.unitTest.TestDriverVariable"/>
  <testcase name="setVariableNameAndValueBlank" time="0.000" classname="raysullivan.unitTest.TestDriverVariable"/>
  <testcase name="createVariable" time="0.001" classname="raysullivan.unitTest.TestDriverVariable"/>
  <testcase name="setBlankVariableValue" time="0.000" classname="raysullivan.unitTest.TestDriverVariable"/>
  <testcase name="createVariable" time="0.001" classname="raysullivan.unitTest.TestDriverVariable"/>
  <testcase name="createVariable" time="0.000" classname="raysullivan.unitTest.TestDriverVariable"/>
  <testcase name="createVariableInvalid" time="0.001" classname="raysullivan.unitTest.TestDriverVariable"/>
  <testcase name="setBlankVariableName" time="0.001" classname="raysullivan.unitTest.TestDriverVariable"/>
  <testcase name="createVariable" time="0.001" classname="raysullivan.unitTest.TestDriverVariable"/>
  <testcase name="createVariable" time="0.001" classname="raysullivan.unitTest.TestDriverVariable"/>
  <testcase name="setNullVariableName" time="0.002" classname="raysullivan.unitTest.TestDriverVariable"/>
  <testcase name="createVariable" time="0.001" classname="raysullivan.unitTest.TestDriverVariable"/>
  <testcase name="SetNullVariableValue" time="0.011" classname="raysullivan.unitTest.TestDriverVariable"/>
  <testcase name="setVariableAndOverwrite" time="0.004" classname="raysullivan.unitTest.TestDriverVariable"/>
</testsuite> <!-- raysullivan.unitTest.TestDriverVariable -->
