<?xml version="1.0" encoding="UTF-8"?>
<!-- Generated by org.testng.reporters.JUnitReportReporter -->
<testsuite skipped="0" hostname="RSULL-3788L-BRM" name="raysullivan.driver.RedRobinRoyaltyDriver" tests="11" failures="2" timestamp="2 Feb 2017 23:14:24 GMT" time="69.930" errors="0">
  <testcase name="testDriver" time="11.611" classname="raysullivan.driver.RedRobinRoyaltyDriver"/>
  <testcase name="testDriver" time="2.418" classname="raysullivan.driver.RedRobinRoyaltyDriver"/>
  <testcase name="testDriver" time="3.093" classname="raysullivan.driver.RedRobinRoyaltyDriver">
    <failure type="java.lang.AssertionError" message="Error in operation RedRobinRoyaltyTestCases\Locations\Locations Row 15 ASSERTTEXT locLocation1Address 2706 W. Nob Hill Road, Yakima, WA 98902 Expecting: &quot;2706 W. Nob Hill Road, Yakima, WA 98902&quot; Actual: &quot;2706 W. Nob Hill Blvd, Yakima, WA 98902&quot;">
      <![CDATA[java.lang.AssertionError: Error in operation RedRobinRoyaltyTestCases\Locations\Locations Row 15 ASSERTTEXT locLocation1Address 2706 W. Nob Hill Road, Yakima, WA 98902 Expecting: "2706 W. Nob Hill Road, Yakima, WA 98902" Actual: "2706 W. Nob Hill Blvd, Yakima, WA 98902"
	at org.junit.Assert.fail(Assert.java:88)
	at org.junit.Assert.assertTrue(Assert.java:41)
	at raysullivan.operation.AutomationDriver.testDriver(AutomationDriver.java:318)
	at sun.reflect.NativeMethodAccessorImpl.invoke0(Native Method)
	at sun.reflect.NativeMethodAccessorImpl.invoke(Unknown Source)
	at sun.reflect.DelegatingMethodAccessorImpl.invoke(Unknown Source)
	at java.lang.reflect.Method.invoke(Unknown Source)
	at org.testng.internal.MethodInvocationHelper.invokeMethod(MethodInvocationHelper.java:100)
	at org.testng.internal.Invoker.invokeMethod(Invoker.java:646)
	at org.testng.internal.Invoker.invokeTestMethod(Invoker.java:811)
	at org.testng.internal.Invoker.invokeTestMethods(Invoker.java:1137)
	at org.testng.internal.TestMethodWorker.invokeTestMethods(TestMethodWorker.java:129)
	at org.testng.internal.TestMethodWorker.run(TestMethodWorker.java:112)
	at org.testng.TestRunner.privateRun(TestRunner.java:753)
	at org.testng.TestRunner.run(TestRunner.java:607)
	at org.testng.SuiteRunner.runTest(SuiteRunner.java:368)
	at org.testng.SuiteRunner.runSequentially(SuiteRunner.java:363)
	at org.testng.SuiteRunner.privateRun(SuiteRunner.java:321)
	at org.testng.SuiteRunner.run(SuiteRunner.java:270)
	at org.testng.SuiteRunnerWorker.runSuite(SuiteRunnerWorker.java:52)
	at org.testng.SuiteRunnerWorker.run(SuiteRunnerWorker.java:86)
	at org.testng.TestNG.runSuitesSequentially(TestNG.java:1284)
	at org.testng.TestNG.runSuitesLocally(TestNG.java:1209)
	at org.testng.TestNG.runSuites(TestNG.java:1124)
	at org.testng.TestNG.run(TestNG.java:1096)
	at org.testng.remote.AbstractRemoteTestNG.run(AbstractRemoteTestNG.java:132)
	at org.testng.remote.RemoteTestNG.initAndRun(RemoteTestNG.java:236)
	at org.testng.remote.RemoteTestNG.main(RemoteTestNG.java:81)
]]>
    </failure>
  </testcase> <!-- testDriver -->
  <testcase name="testDriver" time="1.553" classname="raysullivan.driver.RedRobinRoyaltyDriver"/>
  <testcase name="testDriver" time="1.704" classname="raysullivan.driver.RedRobinRoyaltyDriver"/>
  <testcase name="testDriver" time="6.820" classname="raysullivan.driver.RedRobinRoyaltyDriver">
    <failure type="java.lang.AssertionError" message="Error in operation RedRobinRoyaltyTestCases\LandingPageWidgets\Validate Widgets Row 8 HOVER wid1  Expecting: &quot;Success&quot; Actual: &quot;HOVER action on object wid1 not supported on this version of Selenium WebDriver&quot;">
      <![CDATA[java.lang.AssertionError: Error in operation RedRobinRoyaltyTestCases\LandingPageWidgets\Validate Widgets Row 8 HOVER wid1  Expecting: "Success" Actual: "HOVER action on object wid1 not supported on this version of Selenium WebDriver"
	at org.junit.Assert.fail(Assert.java:88)
	at org.junit.Assert.assertTrue(Assert.java:41)
	at raysullivan.operation.AutomationDriver.testDriver(AutomationDriver.java:318)
	at sun.reflect.NativeMethodAccessorImpl.invoke0(Native Method)
	at sun.reflect.NativeMethodAccessorImpl.invoke(Unknown Source)
	at sun.reflect.DelegatingMethodAccessorImpl.invoke(Unknown Source)
	at java.lang.reflect.Method.invoke(Unknown Source)
	at org.testng.internal.MethodInvocationHelper.invokeMethod(MethodInvocationHelper.java:100)
	at org.testng.internal.Invoker.invokeMethod(Invoker.java:646)
	at org.testng.internal.Invoker.invokeTestMethod(Invoker.java:811)
	at org.testng.internal.Invoker.invokeTestMethods(Invoker.java:1137)
	at org.testng.internal.TestMethodWorker.invokeTestMethods(TestMethodWorker.java:129)
	at org.testng.internal.TestMethodWorker.run(TestMethodWorker.java:112)
	at org.testng.TestRunner.privateRun(TestRunner.java:753)
	at org.testng.TestRunner.run(TestRunner.java:607)
	at org.testng.SuiteRunner.runTest(SuiteRunner.java:368)
	at org.testng.SuiteRunner.runSequentially(SuiteRunner.java:363)
	at org.testng.SuiteRunner.privateRun(SuiteRunner.java:321)
	at org.testng.SuiteRunner.run(SuiteRunner.java:270)
	at org.testng.SuiteRunnerWorker.runSuite(SuiteRunnerWorker.java:52)
	at org.testng.SuiteRunnerWorker.run(SuiteRunnerWorker.java:86)
	at org.testng.TestNG.runSuitesSequentially(TestNG.java:1284)
	at org.testng.TestNG.runSuitesLocally(TestNG.java:1209)
	at org.testng.TestNG.runSuites(TestNG.java:1124)
	at org.testng.TestNG.run(TestNG.java:1096)
	at org.testng.remote.AbstractRemoteTestNG.run(AbstractRemoteTestNG.java:132)
	at org.testng.remote.RemoteTestNG.initAndRun(RemoteTestNG.java:236)
	at org.testng.remote.RemoteTestNG.main(RemoteTestNG.java:81)
]]>
    </failure>
  </testcase> <!-- testDriver -->
  <testcase name="testDriver" time="22.932" classname="raysullivan.driver.RedRobinRoyaltyDriver"/>
  <testcase name="testDriver" time="12.484" classname="raysullivan.driver.RedRobinRoyaltyDriver"/>
  <testcase name="testDriver" time="3.034" classname="raysullivan.driver.RedRobinRoyaltyDriver"/>
  <testcase name="testDriver" time="1.743" classname="raysullivan.driver.RedRobinRoyaltyDriver"/>
  <testcase name="testDriver" time="2.538" classname="raysullivan.driver.RedRobinRoyaltyDriver"/>
</testsuite> <!-- raysullivan.driver.RedRobinRoyaltyDriver -->
